<?xml version="1.0" encoding="UTF-8"?>
<!-- Generated by org.testng.reporters.JUnitXMLReporter -->
<testsuite ignored="3" hostname="VASU" failures="3" tests="3" name="Test" time="0.469" errors="0" timestamp="2023-03-08T18:18:03 IST">
  <testcase classname="testCases.TC_004_LogoutTestValid" name="test_Login" time="0.063">
    <failure type="java.lang.AssertionError" message="null">
      <![CDATA[java.lang.AssertionError: null
at testCases.TC_004_LogoutTestValid.test_Login(TC_004_LogoutTestValid.java:50)
at java.base/java.util.ArrayList.forEach(ArrayList.java:1511)
... Removed 29 stack frames]]>
    </failure>
  </testcase> <!-- test_Login -->
  <testcase classname="testCases.TC_001_Register_user" name="test_signupPage" time="0.005">
    <failure type="java.lang.NullPointerException" message="Cannot invoke &amp;quot;org.apache.logging.log4j.Logger.info(String)&amp;quot; because &amp;quot;this.logger&amp;quot; is null">
      <![CDATA[java.lang.NullPointerException: Cannot invoke "org.apache.logging.log4j.Logger.info(String)" because "this.logger" is null
at testCases.TC_001_Register_user.test_signupPage(TC_001_Register_user.java:15)
at java.base/java.util.ArrayList.forEach(ArrayList.java:1511)
... Removed 27 stack frames]]>
    </failure>
  </testcase> <!-- test_signupPage -->
  <testcase classname="testCases.TC_003_loginTestInvalid" name="test_Login" time="0.004">
    <failure type="java.lang.NullPointerException" message="Cannot invoke &amp;quot;org.apache.logging.log4j.Logger.info(String)&amp;quot; because &amp;quot;this.logger&amp;quot; is null">
      <![CDATA[java.lang.NullPointerException: Cannot invoke "org.apache.logging.log4j.Logger.info(String)" because "this.logger" is null
at testCases.TC_003_loginTestInvalid.test_Login(TC_003_loginTestInvalid.java:14)
at java.base/java.util.ArrayList.forEach(ArrayList.java:1511)
... Removed 27 stack frames]]>
    </failure>
  </testcase> <!-- test_Login -->
  <testcase classname="testCases.TC_001_Register_user" name="test_acc_created" time="0.0">
    <ignored/>
  </testcase> <!-- test_acc_created -->
  <testcase classname="testCases.TC_001_Register_user" name="test_verify_delete_acc" time="0.0">
    <ignored/>
  </testcase> <!-- test_verify_delete_acc -->
  <testcase classname="testCases.TC_001_Register_user" name="test_logHpage" time="0.0">
    <ignored/>
  </testcase> <!-- test_logHpage -->
</testsuite> <!-- Test -->
