<?xml version="1.0" encoding="UTF-8"?>
<!-- Generated by org.testng.reporters.JUnitXMLReporter -->
<testsuite ignored="0" hostname="VASU" failures="1" tests="1" name="AllTests2" time="107.561" errors="0" timestamp="2023-03-29T23:12:19 IST">
  <testcase classname="testCases.TC_012_AddProductsToCart" name="test_AddProductsToCart" time="81.277">
    <failure type="java.lang.AssertionError" message="expected [true] but found [false]">
      <![CDATA[java.lang.AssertionError: expected [true] but found [false]
at testCases.TC_012_AddProductsToCart.test_AddProductsToCart(TC_012_AddProductsToCart.java:45)
at java.base/java.util.ArrayList.forEach(ArrayList.java:1541)
... Removed 38 stack frames]]>
    </failure>
  </testcase> <!-- test_AddProductsToCart -->
</testsuite> <!-- AllTests2 -->
