<?xml version="1.0" encoding="UTF-8"?>
<!-- Generated by org.testng.reporters.JUnitXMLReporter -->
<testsuite ignored="0" hostname="VASU" failures="0" tests="1" name="AllTests2(failed)" time="6.095" errors="0" timestamp="2023-03-20T02:54:04 IST">
  <testcase classname="testBase.BaseClass" name="@BeforeClass setup" time="5.654">
    <failure type="java.lang.AssertionError" message="null">
      <![CDATA[java.lang.AssertionError: null
at testBase.BaseClass.setup(BaseClass.java:70)
at java.base/java.util.ArrayList.forEach(ArrayList.java:1511)
... Removed 27 stack frames]]>
    </failure>
  </testcase> <!-- @BeforeClass setup -->
  <testcase classname="testBase.BaseClass" name="@AfterClass teardown" time="-1.679261044574E9">
    <skipped/>
  </testcase> <!-- @AfterClass teardown -->
  <testcase classname="testCases.TC_005_Register_user_existingEmail" name="test_existing_Email" time="0.0">
    <skipped/>
  </testcase> <!-- test_existing_Email -->
</testsuite> <!-- AllTests2(failed) -->
