<?xml version="1.0" encoding="UTF-8"?>
<!-- Generated by org.testng.reporters.JUnitXMLReporter -->
<testsuite ignored="4" hostname="VASU" failures="0" tests="0" time="0.427" errors="0" timestamp="2023-03-14T10:22:16 IST">
  <testcase classname="testCases.TC_001_Register_user" name="test_acc_created" time="0.0">
    <ignored/>
  </testcase> <!-- test_acc_created -->
  <testcase classname="testCases.TC_001_Register_user" name="test_signupPage" time="0.0">
    <ignored/>
  </testcase> <!-- test_signupPage -->
  <testcase classname="testCases.TC_001_Register_user" name="test_verify_delete_acc" time="0.0">
    <ignored/>
  </testcase> <!-- test_verify_delete_acc -->
  <testcase classname="testCases.TC_001_Register_user" name="test_logHpage" time="0.0">
    <ignored/>
  </testcase> <!-- test_logHpage -->
</testsuite>
