<?xml version="1.0" encoding="UTF-8"?>
<testng-results ignored="0" total="10" passed="10" failed="0" skipped="0">
  <reporter-output>
  </reporter-output>
  <suite started-at="2023-03-28T00:57:05 IST" name="MasterSuite" finished-at="2023-03-28T01:03:00 IST" duration-ms="354649">
    <groups>
      <group name="Master">
        <method signature="TC_003_loginTestInvalid.test_Login()[pri:0, instance:testCases.TC_003_loginTestInvalid@4c60d6e9]" name="test_Login" class="testCases.TC_003_loginTestInvalid"/>
        <method signature="TC_006_ContactUsForm.test_contactus_Form()[pri:0, instance:testCases.TC_006_ContactUsForm@4a83a74a]" name="test_contactus_Form" class="testCases.TC_006_ContactUsForm"/>
      </group> <!-- Master -->
      <group name="Sanity">
        <method signature="TC_001_Register_user.test_signupPage()[pri:0, instance:testCases.TC_001_Register_user@196a42c3]" name="test_signupPage" class="testCases.TC_001_Register_user"/>
        <method signature="TC_003_loginTestInvalid.test_Login()[pri:0, instance:testCases.TC_003_loginTestInvalid@4c60d6e9]" name="test_Login" class="testCases.TC_003_loginTestInvalid"/>
        <method signature="TC_004_LogoutTestValid.test_Login()[pri:0, instance:testCases.TC_004_LogoutTestValid@15043a2f]" name="test_Login" class="testCases.TC_004_LogoutTestValid"/>
        <method signature="TC_006_ContactUsForm.test_contactus_Form()[pri:0, instance:testCases.TC_006_ContactUsForm@4a83a74a]" name="test_contactus_Form" class="testCases.TC_006_ContactUsForm"/>
      </group> <!-- Sanity -->
      <group name="Regression">
        <method signature="TC_001_Register_user.test_signupPage()[pri:0, instance:testCases.TC_001_Register_user@196a42c3]" name="test_signupPage" class="testCases.TC_001_Register_user"/>
        <method signature="TC_004_LogoutTestValid.test_Login()[pri:0, instance:testCases.TC_004_LogoutTestValid@15043a2f]" name="test_Login" class="testCases.TC_004_LogoutTestValid"/>
        <method signature="TC_005_Register_user_existingEmail.test_existing_Email()[pri:0, instance:testCases.TC_005_Register_user_existingEmail@33065d67]" name="test_existing_Email" class="testCases.TC_005_Register_user_existingEmail"/>
      </group> <!-- Regression -->
      <group name="sanity">
        <method signature="TC_005_Register_user_existingEmail.test_existing_Email()[pri:0, instance:testCases.TC_005_Register_user_existingEmail@33065d67]" name="test_existing_Email" class="testCases.TC_005_Register_user_existingEmail"/>
        <method signature="TC_007_VerifyTestCasesPage.test_VerifyTestCasesPage()[pri:0, instance:testCases.TC_007_VerifyTestCasesPage@1349883]" name="test_VerifyTestCasesPage" class="testCases.TC_007_VerifyTestCasesPage"/>
        <method signature="TC_008_VerifyAllProductDetails.test_verifyProductDetails()[pri:0, instance:testCases.TC_008_VerifyAllProductDetails@4b29d1d2]" name="test_verifyProductDetails" class="testCases.TC_008_VerifyAllProductDetails"/>
        <method signature="TC_009_VerifySearchProduct.test_search_product()[pri:0, instance:testCases.TC_009_VerifySearchProduct@7f485fda]" name="test_search_product" class="testCases.TC_009_VerifySearchProduct"/>
        <method signature="TC_010_VerifySubscriptionInHomePage.test_subscription()[pri:0, instance:testCases.TC_010_VerifySubscriptionInHomePage@28261e8e]" name="test_subscription" class="testCases.TC_010_VerifySubscriptionInHomePage"/>
        <method signature="TC_011_VerifySubscriptionInCartPage.test_subscriptionInCart()[pri:0, instance:testCases.TC_011_VerifySubscriptionInCartPage@d737b89]" name="test_subscriptionInCart" class="testCases.TC_011_VerifySubscriptionInCartPage"/>
      </group> <!-- sanity -->
    </groups>
    <test started-at="2023-03-28T00:57:05 IST" name="AllTests2" finished-at="2023-03-28T01:03:00 IST" duration-ms="354649">
      <class name="testCases.TC_007_VerifyTestCasesPage">
        <test-method is-config="true" signature="setup(java.lang.String)[pri:0, instance:testCases.TC_007_VerifyTestCasesPage@1349883]" started-at="2023-03-28T01:00:52 IST" name="setup" finished-at="2023-03-28T01:01:06 IST" duration-ms="13732" status="PASS">
          <params>
            <param index="0">
              <value>
                <![CDATA[edge]]>
              </value>
            </param>
          </params>
          <reporter-output>
          </reporter-output>
        </test-method> <!-- setup -->
        <test-method signature="test_VerifyTestCasesPage()[pri:0, instance:testCases.TC_007_VerifyTestCasesPage@1349883]" started-at="2023-03-28T01:01:06 IST" name="test_VerifyTestCasesPage" finished-at="2023-03-28T01:01:17 IST" duration-ms="10767" status="PASS">
          <reporter-output>
          </reporter-output>
        </test-method> <!-- test_VerifyTestCasesPage -->
        <test-method is-config="true" signature="teardown()[pri:0, instance:testCases.TC_007_VerifyTestCasesPage@1349883]" started-at="2023-03-28T01:01:17 IST" name="teardown" finished-at="2023-03-28T01:01:18 IST" duration-ms="888" status="PASS">
          <reporter-output>
          </reporter-output>
        </test-method> <!-- teardown -->
      </class> <!-- testCases.TC_007_VerifyTestCasesPage -->
      <class name="testCases.TC_005_Register_user_existingEmail">
        <test-method is-config="true" signature="setup(java.lang.String)[pri:0, instance:testCases.TC_005_Register_user_existingEmail@33065d67]" started-at="2023-03-28T00:57:06 IST" name="setup" finished-at="2023-03-28T00:57:31 IST" duration-ms="25667" status="PASS">
          <params>
            <param index="0">
              <value>
                <![CDATA[edge]]>
              </value>
            </param>
          </params>
          <reporter-output>
          </reporter-output>
        </test-method> <!-- setup -->
        <test-method signature="test_existing_Email()[pri:0, instance:testCases.TC_005_Register_user_existingEmail@33065d67]" started-at="2023-03-28T00:57:31 IST" name="test_existing_Email" finished-at="2023-03-28T00:57:43 IST" duration-ms="11910" status="PASS">
          <reporter-output>
          </reporter-output>
        </test-method> <!-- test_existing_Email -->
        <test-method is-config="true" signature="teardown()[pri:0, instance:testCases.TC_005_Register_user_existingEmail@33065d67]" started-at="2023-03-28T00:57:43 IST" name="teardown" finished-at="2023-03-28T00:57:44 IST" duration-ms="699" status="PASS">
          <reporter-output>
          </reporter-output>
        </test-method> <!-- teardown -->
      </class> <!-- testCases.TC_005_Register_user_existingEmail -->
      <class name="testCases.TC_001_Register_user">
        <test-method is-config="true" signature="setup(java.lang.String)[pri:0, instance:testCases.TC_001_Register_user@196a42c3]" started-at="2023-03-28T00:57:44 IST" name="setup" finished-at="2023-03-28T00:57:53 IST" duration-ms="9046" status="PASS">
          <params>
            <param index="0">
              <value>
                <![CDATA[edge]]>
              </value>
            </param>
          </params>
          <reporter-output>
          </reporter-output>
        </test-method> <!-- setup -->
        <test-method signature="test_signupPage()[pri:0, instance:testCases.TC_001_Register_user@196a42c3]" started-at="2023-03-28T00:57:53 IST" name="test_signupPage" finished-at="2023-03-28T00:58:32 IST" duration-ms="39247" status="PASS">
          <reporter-output>
          </reporter-output>
        </test-method> <!-- test_signupPage -->
        <test-method is-config="true" signature="teardown()[pri:0, instance:testCases.TC_001_Register_user@196a42c3]" started-at="2023-03-28T00:58:32 IST" name="teardown" finished-at="2023-03-28T00:58:33 IST" duration-ms="955" status="PASS">
          <reporter-output>
          </reporter-output>
        </test-method> <!-- teardown -->
      </class> <!-- testCases.TC_001_Register_user -->
      <class name="testCases.TC_008_VerifyAllProductDetails">
        <test-method is-config="true" signature="setup(java.lang.String)[pri:0, instance:testCases.TC_008_VerifyAllProductDetails@4b29d1d2]" started-at="2023-03-28T01:01:18 IST" name="setup" finished-at="2023-03-28T01:01:26 IST" duration-ms="8575" status="PASS">
          <params>
            <param index="0">
              <value>
                <![CDATA[edge]]>
              </value>
            </param>
          </params>
          <reporter-output>
          </reporter-output>
        </test-method> <!-- setup -->
        <test-method signature="test_verifyProductDetails()[pri:0, instance:testCases.TC_008_VerifyAllProductDetails@4b29d1d2]" started-at="2023-03-28T01:01:26 IST" name="test_verifyProductDetails" finished-at="2023-03-28T01:01:49 IST" duration-ms="22197" status="PASS">
          <reporter-output>
          </reporter-output>
        </test-method> <!-- test_verifyProductDetails -->
        <test-method is-config="true" signature="teardown()[pri:0, instance:testCases.TC_008_VerifyAllProductDetails@4b29d1d2]" started-at="2023-03-28T01:01:49 IST" name="teardown" finished-at="2023-03-28T01:01:49 IST" duration-ms="859" status="PASS">
          <reporter-output>
          </reporter-output>
        </test-method> <!-- teardown -->
      </class> <!-- testCases.TC_008_VerifyAllProductDetails -->
      <class name="testCases.TC_004_LogoutTestValid">
        <test-method is-config="true" signature="setup(java.lang.String)[pri:0, instance:testCases.TC_004_LogoutTestValid@15043a2f]" started-at="2023-03-28T00:59:09 IST" name="setup" finished-at="2023-03-28T00:59:24 IST" duration-ms="14558" status="PASS">
          <params>
            <param index="0">
              <value>
                <![CDATA[edge]]>
              </value>
            </param>
          </params>
          <reporter-output>
          </reporter-output>
        </test-method> <!-- setup -->
        <test-method signature="test_Login()[pri:0, instance:testCases.TC_004_LogoutTestValid@15043a2f]" started-at="2023-03-28T00:59:24 IST" name="test_Login" finished-at="2023-03-28T00:59:40 IST" duration-ms="15754" status="PASS">
          <reporter-output>
          </reporter-output>
        </test-method> <!-- test_Login -->
        <test-method is-config="true" signature="teardown()[pri:0, instance:testCases.TC_004_LogoutTestValid@15043a2f]" started-at="2023-03-28T00:59:40 IST" name="teardown" finished-at="2023-03-28T00:59:41 IST" duration-ms="950" status="PASS">
          <reporter-output>
          </reporter-output>
        </test-method> <!-- teardown -->
      </class> <!-- testCases.TC_004_LogoutTestValid -->
      <class name="testCases.TC_010_VerifySubscriptionInHomePage">
        <test-method is-config="true" signature="setup(java.lang.String)[pri:0, instance:testCases.TC_010_VerifySubscriptionInHomePage@28261e8e]" started-at="2023-03-28T01:02:35 IST" name="setup" finished-at="2023-03-28T01:02:44 IST" duration-ms="9200" status="PASS">
          <params>
            <param index="0">
              <value>
                <![CDATA[edge]]>
              </value>
            </param>
          </params>
          <reporter-output>
          </reporter-output>
        </test-method> <!-- setup -->
        <test-method signature="test_subscription()[pri:0, instance:testCases.TC_010_VerifySubscriptionInHomePage@28261e8e]" started-at="2023-03-28T01:02:44 IST" name="test_subscription" finished-at="2023-03-28T01:02:45 IST" duration-ms="551" status="PASS">
          <reporter-output>
          </reporter-output>
        </test-method> <!-- test_subscription -->
        <test-method is-config="true" signature="teardown()[pri:0, instance:testCases.TC_010_VerifySubscriptionInHomePage@28261e8e]" started-at="2023-03-28T01:02:45 IST" name="teardown" finished-at="2023-03-28T01:02:45 IST" duration-ms="645" status="PASS">
          <reporter-output>
          </reporter-output>
        </test-method> <!-- teardown -->
      </class> <!-- testCases.TC_010_VerifySubscriptionInHomePage -->
      <class name="testCases.TC_009_VerifySearchProduct">
        <test-method is-config="true" signature="setup(java.lang.String)[pri:0, instance:testCases.TC_009_VerifySearchProduct@7f485fda]" started-at="2023-03-28T01:01:49 IST" name="setup" finished-at="2023-03-28T01:02:18 IST" duration-ms="28881" status="PASS">
          <params>
            <param index="0">
              <value>
                <![CDATA[edge]]>
              </value>
            </param>
          </params>
          <reporter-output>
          </reporter-output>
        </test-method> <!-- setup -->
        <test-method signature="test_search_product()[pri:0, instance:testCases.TC_009_VerifySearchProduct@7f485fda]" started-at="2023-03-28T01:02:18 IST" name="test_search_product" finished-at="2023-03-28T01:02:34 IST" duration-ms="15863" status="PASS">
          <reporter-output>
          </reporter-output>
        </test-method> <!-- test_search_product -->
        <test-method is-config="true" signature="teardown()[pri:0, instance:testCases.TC_009_VerifySearchProduct@7f485fda]" started-at="2023-03-28T01:02:34 IST" name="teardown" finished-at="2023-03-28T01:02:35 IST" duration-ms="889" status="PASS">
          <reporter-output>
          </reporter-output>
        </test-method> <!-- teardown -->
      </class> <!-- testCases.TC_009_VerifySearchProduct -->
      <class name="testCases.TC_011_VerifySubscriptionInCartPage">
        <test-method is-config="true" signature="setup(java.lang.String)[pri:0, instance:testCases.TC_011_VerifySubscriptionInCartPage@d737b89]" started-at="2023-03-28T01:02:45 IST" name="setup" finished-at="2023-03-28T01:02:57 IST" duration-ms="11680" status="PASS">
          <params>
            <param index="0">
              <value>
                <![CDATA[edge]]>
              </value>
            </param>
          </params>
          <reporter-output>
          </reporter-output>
        </test-method> <!-- setup -->
        <test-method signature="test_subscriptionInCart()[pri:0, instance:testCases.TC_011_VerifySubscriptionInCartPage@d737b89]" started-at="2023-03-28T01:02:57 IST" name="test_subscriptionInCart" finished-at="2023-03-28T01:02:59 IST" duration-ms="2072" status="PASS">
          <reporter-output>
          </reporter-output>
        </test-method> <!-- test_subscriptionInCart -->
        <test-method is-config="true" signature="teardown()[pri:0, instance:testCases.TC_011_VerifySubscriptionInCartPage@d737b89]" started-at="2023-03-28T01:02:59 IST" name="teardown" finished-at="2023-03-28T01:03:00 IST" duration-ms="764" status="PASS">
          <reporter-output>
          </reporter-output>
        </test-method> <!-- teardown -->
      </class> <!-- testCases.TC_011_VerifySubscriptionInCartPage -->
      <class name="testCases.TC_003_loginTestInvalid">
        <test-method is-config="true" signature="setup(java.lang.String)[pri:0, instance:testCases.TC_003_loginTestInvalid@4c60d6e9]" started-at="2023-03-28T00:58:33 IST" name="setup" finished-at="2023-03-28T00:58:51 IST" duration-ms="17717" status="PASS">
          <params>
            <param index="0">
              <value>
                <![CDATA[edge]]>
              </value>
            </param>
          </params>
          <reporter-output>
          </reporter-output>
        </test-method> <!-- setup -->
        <test-method signature="test_Login()[pri:0, instance:testCases.TC_003_loginTestInvalid@4c60d6e9]" started-at="2023-03-28T00:58:51 IST" name="test_Login" finished-at="2023-03-28T00:59:09 IST" duration-ms="17755" status="PASS">
          <reporter-output>
          </reporter-output>
        </test-method> <!-- test_Login -->
        <test-method is-config="true" signature="teardown()[pri:0, instance:testCases.TC_003_loginTestInvalid@4c60d6e9]" started-at="2023-03-28T00:59:09 IST" name="teardown" finished-at="2023-03-28T00:59:09 IST" duration-ms="648" status="PASS">
          <reporter-output>
          </reporter-output>
        </test-method> <!-- teardown -->
      </class> <!-- testCases.TC_003_loginTestInvalid -->
      <class name="testCases.TC_006_ContactUsForm">
        <test-method is-config="true" signature="setup(java.lang.String)[pri:0, instance:testCases.TC_006_ContactUsForm@4a83a74a]" started-at="2023-03-28T00:59:41 IST" name="setup" finished-at="2023-03-28T00:59:58 IST" duration-ms="17714" status="PASS">
          <params>
            <param index="0">
              <value>
                <![CDATA[edge]]>
              </value>
            </param>
          </params>
          <reporter-output>
          </reporter-output>
        </test-method> <!-- setup -->
        <test-method signature="test_contactus_Form()[pri:0, instance:testCases.TC_006_ContactUsForm@4a83a74a]" started-at="2023-03-28T00:59:58 IST" name="test_contactus_Form" finished-at="2023-03-28T01:00:52 IST" duration-ms="53265" status="PASS">
          <reporter-output>
          </reporter-output>
        </test-method> <!-- test_contactus_Form -->
        <test-method is-config="true" signature="teardown()[pri:0, instance:testCases.TC_006_ContactUsForm@4a83a74a]" started-at="2023-03-28T01:00:52 IST" name="teardown" finished-at="2023-03-28T01:00:52 IST" duration-ms="827" status="PASS">
          <reporter-output>
          </reporter-output>
        </test-method> <!-- teardown -->
      </class> <!-- testCases.TC_006_ContactUsForm -->
    </test> <!-- AllTests2 -->
  </suite> <!-- MasterSuite -->
</testng-results>
