<?xml version="1.0" encoding="UTF-8"?>
<testng-results ignored="0" total="3" passed="3" failed="0" skipped="0">
  <reporter-output>
  </reporter-output>
  <suite started-at="2023-03-15T15:57:00 IST" name="MasterSuite" finished-at="2023-03-15T15:59:14 IST" duration-ms="133949">
    <groups>
      <group name="Master">
        <method signature="TC_003_loginTestInvalid.test_Login()[pri:0, instance:testCases.TC_003_loginTestInvalid@3e27ba32]" name="test_Login" class="testCases.TC_003_loginTestInvalid"/>
      </group> <!-- Master -->
      <group name="Sanity">
        <method signature="TC_003_loginTestInvalid.test_Login()[pri:0, instance:testCases.TC_003_loginTestInvalid@3e27ba32]" name="test_Login" class="testCases.TC_003_loginTestInvalid"/>
        <method signature="TC_004_LogoutTestValid.test_Login()[pri:0, instance:testCases.TC_004_LogoutTestValid@7ef82753]" name="test_Login" class="testCases.TC_004_LogoutTestValid"/>
        <method signature="TC_001_Register_user.test_signupPage()[pri:1, instance:testCases.TC_001_Register_user@2af004b]" name="test_signupPage" class="testCases.TC_001_Register_user"/>
      </group> <!-- Sanity -->
      <group name="Regression">
        <method signature="TC_004_LogoutTestValid.test_Login()[pri:0, instance:testCases.TC_004_LogoutTestValid@7ef82753]" name="test_Login" class="testCases.TC_004_LogoutTestValid"/>
        <method signature="TC_001_Register_user.test_signupPage()[pri:1, instance:testCases.TC_001_Register_user@2af004b]" name="test_signupPage" class="testCases.TC_001_Register_user"/>
      </group> <!-- Regression -->
    </groups>
    <test started-at="2023-03-15T15:57:00 IST" name="AllTests2" finished-at="2023-03-15T15:59:14 IST" duration-ms="133949">
      <class name="testCases.TC_001_Register_user">
        <test-method is-config="true" signature="setup(java.lang.String)[pri:0, instance:testCases.TC_001_Register_user@2af004b]" started-at="2023-03-15T15:57:01 IST" name="setup" finished-at="2023-03-15T15:57:21 IST" duration-ms="20364" status="PASS">
          <params>
            <param index="0">
              <value>
                <![CDATA[edge]]>
              </value>
            </param>
          </params>
          <reporter-output>
          </reporter-output>
        </test-method> <!-- setup -->
        <test-method signature="test_signupPage()[pri:1, instance:testCases.TC_001_Register_user@2af004b]" started-at="2023-03-15T15:57:21 IST" name="test_signupPage" finished-at="2023-03-15T15:57:59 IST" duration-ms="38193" status="PASS">
          <reporter-output>
          </reporter-output>
        </test-method> <!-- test_signupPage -->
        <test-method is-config="true" signature="teardown()[pri:0, instance:testCases.TC_001_Register_user@2af004b]" started-at="2023-03-15T15:57:59 IST" name="teardown" finished-at="2023-03-15T15:58:00 IST" duration-ms="591" status="PASS">
          <reporter-output>
          </reporter-output>
        </test-method> <!-- teardown -->
      </class> <!-- testCases.TC_001_Register_user -->
      <class name="testCases.TC_004_LogoutTestValid">
        <test-method is-config="true" signature="setup(java.lang.String)[pri:0, instance:testCases.TC_004_LogoutTestValid@7ef82753]" started-at="2023-03-15T15:58:20 IST" name="setup" finished-at="2023-03-15T15:58:50 IST" duration-ms="29322" status="PASS">
          <params>
            <param index="0">
              <value>
                <![CDATA[edge]]>
              </value>
            </param>
          </params>
          <reporter-output>
          </reporter-output>
        </test-method> <!-- setup -->
        <test-method signature="test_Login()[pri:0, instance:testCases.TC_004_LogoutTestValid@7ef82753]" started-at="2023-03-15T15:58:50 IST" name="test_Login" finished-at="2023-03-15T15:59:14 IST" duration-ms="24452" status="PASS">
          <reporter-output>
          </reporter-output>
        </test-method> <!-- test_Login -->
        <test-method is-config="true" signature="teardown()[pri:0, instance:testCases.TC_004_LogoutTestValid@7ef82753]" started-at="2023-03-15T15:59:14 IST" name="teardown" finished-at="2023-03-15T15:59:14 IST" duration-ms="384" status="PASS">
          <reporter-output>
          </reporter-output>
        </test-method> <!-- teardown -->
      </class> <!-- testCases.TC_004_LogoutTestValid -->
      <class name="testCases.TC_003_loginTestInvalid">
        <test-method is-config="true" signature="setup(java.lang.String)[pri:0, instance:testCases.TC_003_loginTestInvalid@3e27ba32]" started-at="2023-03-15T15:58:00 IST" name="setup" finished-at="2023-03-15T15:58:15 IST" duration-ms="15281" status="PASS">
          <params>
            <param index="0">
              <value>
                <![CDATA[edge]]>
              </value>
            </param>
          </params>
          <reporter-output>
          </reporter-output>
        </test-method> <!-- setup -->
        <test-method signature="test_Login()[pri:0, instance:testCases.TC_003_loginTestInvalid@3e27ba32]" started-at="2023-03-15T15:58:15 IST" name="test_Login" finished-at="2023-03-15T15:58:20 IST" duration-ms="4554" status="PASS">
          <reporter-output>
          </reporter-output>
        </test-method> <!-- test_Login -->
        <test-method is-config="true" signature="teardown()[pri:0, instance:testCases.TC_003_loginTestInvalid@3e27ba32]" started-at="2023-03-15T15:58:20 IST" name="teardown" finished-at="2023-03-15T15:58:20 IST" duration-ms="423" status="PASS">
          <reporter-output>
          </reporter-output>
        </test-method> <!-- teardown -->
      </class> <!-- testCases.TC_003_loginTestInvalid -->
    </test> <!-- AllTests2 -->
  </suite> <!-- MasterSuite -->
</testng-results>
