<?xml version="1.0" encoding="UTF-8"?>
<testng-results ignored="0" total="1" passed="1" failed="0" skipped="0">
  <reporter-output>
  </reporter-output>
  <suite started-at="2023-03-23T01:04:41 IST" name="MasterSuite" finished-at="2023-03-23T01:05:18 IST" duration-ms="36675">
    <groups>
      <group name="sanity">
        <method signature="TC_009_VerifySearchProduct.test_search_product()[pri:0, instance:testCases.TC_009_VerifySearchProduct@21282ed8]" name="test_search_product" class="testCases.TC_009_VerifySearchProduct"/>
      </group> <!-- sanity -->
    </groups>
    <test started-at="2023-03-23T01:04:41 IST" name="AllTests2" finished-at="2023-03-23T01:05:18 IST" duration-ms="36675">
      <class name="testCases.TC_009_VerifySearchProduct">
        <test-method is-config="true" signature="setup(java.lang.String)[pri:0, instance:testCases.TC_009_VerifySearchProduct@21282ed8]" started-at="2023-03-23T01:04:42 IST" name="setup" finished-at="2023-03-23T01:05:00 IST" duration-ms="18392" status="PASS">
          <params>
            <param index="0">
              <value>
                <![CDATA[edge]]>
              </value>
            </param>
          </params>
          <reporter-output>
          </reporter-output>
        </test-method> <!-- setup -->
        <test-method signature="test_search_product()[pri:0, instance:testCases.TC_009_VerifySearchProduct@21282ed8]" started-at="2023-03-23T01:05:00 IST" name="test_search_product" finished-at="2023-03-23T01:05:17 IST" duration-ms="16488" status="PASS">
          <reporter-output>
          </reporter-output>
        </test-method> <!-- test_search_product -->
        <test-method is-config="true" signature="teardown()[pri:0, instance:testCases.TC_009_VerifySearchProduct@21282ed8]" started-at="2023-03-23T01:05:17 IST" name="teardown" finished-at="2023-03-23T01:05:18 IST" duration-ms="1306" status="PASS">
          <reporter-output>
          </reporter-output>
        </test-method> <!-- teardown -->
      </class> <!-- testCases.TC_009_VerifySearchProduct -->
    </test> <!-- AllTests2 -->
  </suite> <!-- MasterSuite -->
</testng-results>
