<?xml version="1.0" encoding="UTF-8"?>
<testng-results ignored="0" total="1" passed="1" failed="0" skipped="0">
  <reporter-output>
  </reporter-output>
  <suite started-at="2023-03-21T04:36:54 IST" name="MasterSuite" finished-at="2023-03-21T04:37:39 IST" duration-ms="45178">
    <groups>
      <group name="Master">
        <method signature="TC_006_ContactUsForm.test_contactus_Form()[pri:0, instance:testCases.TC_006_ContactUsForm@550dbc7a]" name="test_contactus_Form" class="testCases.TC_006_ContactUsForm"/>
      </group> <!-- Master -->
      <group name="Sanity">
        <method signature="TC_006_ContactUsForm.test_contactus_Form()[pri:0, instance:testCases.TC_006_ContactUsForm@550dbc7a]" name="test_contactus_Form" class="testCases.TC_006_ContactUsForm"/>
      </group> <!-- Sanity -->
    </groups>
    <test started-at="2023-03-21T04:36:54 IST" name="AllTests2" finished-at="2023-03-21T04:37:39 IST" duration-ms="45178">
      <class name="testCases.TC_006_ContactUsForm">
        <test-method is-config="true" signature="setup(java.lang.String)[pri:0, instance:testCases.TC_006_ContactUsForm@550dbc7a]" started-at="2023-03-21T04:36:55 IST" name="setup" finished-at="2023-03-21T04:37:22 IST" duration-ms="27844" status="PASS">
          <params>
            <param index="0">
              <value>
                <![CDATA[edge]]>
              </value>
            </param>
          </params>
          <reporter-output>
          </reporter-output>
        </test-method> <!-- setup -->
        <test-method signature="test_contactus_Form()[pri:0, instance:testCases.TC_006_ContactUsForm@550dbc7a]" started-at="2023-03-21T04:37:22 IST" name="test_contactus_Form" finished-at="2023-03-21T04:37:39 IST" duration-ms="16791" status="PASS">
          <reporter-output>
          </reporter-output>
        </test-method> <!-- test_contactus_Form -->
      </class> <!-- testCases.TC_006_ContactUsForm -->
    </test> <!-- AllTests2 -->
  </suite> <!-- MasterSuite -->
</testng-results>
