<?xml version="1.0" encoding="UTF-8"?>
<!-- Generated by org.testng.reporters.JUnitXMLReporter -->
<testsuite ignored="0" hostname="VASU" failures="1" tests="1" name="AllTests2" time="34.816" errors="0" timestamp="2023-03-22T04:28:02 IST">
  <testcase classname="testCases.TC_009_VerifySearchProduct" name="test_search_product" time="18.739">
    <failure type="java.lang.AssertionError" message="null">
      <![CDATA[java.lang.AssertionError: null
at pageObjects.ProductsLandingPage.productname(ProductsLandingPage.java:67)
at testCases.TC_009_VerifySearchProduct.test_search_product(TC_009_VerifySearchProduct.java:28)
at java.base/java.util.ArrayList.forEach(ArrayList.java:1511)
... Removed 29 stack frames]]>
    </failure>
  </testcase> <!-- test_search_product -->
</testsuite> <!-- AllTests2 -->
